<?xml version="1.0" encoding="UTF-8" ?>
<testsuite tests="31" failures="1" name="TestSuite" time="4.686" errors="0" skipped="30">
  <properties>
    <property name="java.runtime.name" value="Java(TM) SE Runtime Environment"/>
    <property name="sun.boot.library.path" value="C:\Program Files\Java\jdk1.8.0_161\jre\bin"/>
    <property name="java.vm.version" value="25.161-b12"/>
    <property name="java.vm.vendor" value="Oracle Corporation"/>
    <property name="maven.multiModuleProjectDirectory" value="C:\Users\Saeid\workspace\hybridFramework"/>
    <property name="java.vendor.url" value="http://java.oracle.com/"/>
    <property name="path.separator" value=";"/>
    <property name="guice.disable.misplaced.annotation.check" value="true"/>
    <property name="java.vm.name" value="Java HotSpot(TM) 64-Bit Server VM"/>
    <property name="file.encoding.pkg" value="sun.io"/>
    <property name="user.script" value=""/>
    <property name="user.country" value="US"/>
    <property name="sun.java.launcher" value="SUN_STANDARD"/>
    <property name="sun.os.patch.level" value=""/>
    <property name="java.vm.specification.name" value="Java Virtual Machine Specification"/>
    <property name="user.dir" value="C:\Users\Saeid\workspace\hybridFramework"/>
    <property name="java.runtime.version" value="1.8.0_161-b12"/>
    <property name="java.awt.graphicsenv" value="sun.awt.Win32GraphicsEnvironment"/>
    <property name="java.endorsed.dirs" value="C:\Program Files\Java\jdk1.8.0_161\jre\lib\endorsed"/>
    <property name="os.arch" value="amd64"/>
    <property name="java.io.tmpdir" value="C:\Users\Saeid\AppData\Local\Temp\"/>
    <property name="line.separator" value="
"/>
    <property name="java.vm.specification.vendor" value="Oracle Corporation"/>
    <property name="user.variant" value=""/>
    <property name="os.name" value="Windows 10"/>
    <property name="classworlds.conf" value="C:\apache-maven-3.5.2\bin\..\bin\m2.conf"/>
    <property name="sun.jnu.encoding" value="Cp1252"/>
    <property name="java.library.path" value="C:\Program Files\Java\jdk1.8.0_161\bin;C:\WINDOWS\Sun\Java\bin;C:\WINDOWS\system32;C:\WINDOWS;C:\Program Files\Java\jdk1.8.0_161\bin;C:\Program Files\Java\jre1.8.0_161\bin;C:\apache-maven-3.5.2\bin;;."/>
    <property name="maven.conf" value="C:\apache-maven-3.5.2\bin\../conf"/>
    <property name="java.specification.name" value="Java Platform API Specification"/>
    <property name="java.class.version" value="52.0"/>
    <property name="sun.management.compiler" value="HotSpot 64-Bit Tiered Compilers"/>
    <property name="os.version" value="10.0"/>
    <property name="library.jansi.path" value="C:\apache-maven-3.5.2\bin\..\lib\jansi-native"/>
    <property name="user.home" value="C:\Users\Saeid"/>
    <property name="user.timezone" value="America/Chicago"/>
    <property name="java.awt.printerjob" value="sun.awt.windows.WPrinterJob"/>
    <property name="java.specification.version" value="1.8"/>
    <property name="file.encoding" value="Cp1252"/>
    <property name="user.name" value="Saeid"/>
    <property name="java.class.path" value="C:\apache-maven-3.5.2\bin\..\boot\plexus-classworlds-2.5.2.jar"/>
    <property name="java.vm.specification.version" value="1.8"/>
    <property name="sun.arch.data.model" value="64"/>
    <property name="java.home" value="C:\Program Files\Java\jdk1.8.0_161\jre"/>
    <property name="sun.java.command" value="org.codehaus.plexus.classworlds.launcher.Launcher clean test"/>
    <property name="java.specification.vendor" value="Oracle Corporation"/>
    <property name="user.language" value="en"/>
    <property name="awt.toolkit" value="sun.awt.windows.WToolkit"/>
    <property name="java.vm.info" value="mixed mode"/>
    <property name="java.version" value="1.8.0_161"/>
    <property name="java.ext.dirs" value="C:\Program Files\Java\jdk1.8.0_161\jre\lib\ext;C:\WINDOWS\Sun\Java\lib\ext"/>
    <property name="sun.boot.class.path" value="C:\Program Files\Java\jdk1.8.0_161\jre\lib\resources.jar;C:\Program Files\Java\jdk1.8.0_161\jre\lib\rt.jar;C:\Program Files\Java\jdk1.8.0_161\jre\lib\sunrsasign.jar;C:\Program Files\Java\jdk1.8.0_161\jre\lib\jsse.jar;C:\Program Files\Java\jdk1.8.0_161\jre\lib\jce.jar;C:\Program Files\Java\jdk1.8.0_161\jre\lib\charsets.jar;C:\Program Files\Java\jdk1.8.0_161\jre\lib\jfr.jar;C:\Program Files\Java\jdk1.8.0_161\jre\classes"/>
    <property name="sun.stderr.encoding" value="cp437"/>
    <property name="java.vendor" value="Oracle Corporation"/>
    <property name="maven.home" value="C:\apache-maven-3.5.2\bin\.."/>
    <property name="file.separator" value="\"/>
    <property name="java.vendor.url.bug" value="http://bugreport.sun.com/bugreport/"/>
    <property name="sun.cpu.endian" value="little"/>
    <property name="sun.io.unicode.encoding" value="UnicodeLittle"/>
    <property name="sun.stdout.encoding" value="cp437"/>
    <property name="sun.desktop" value="windows"/>
    <property name="sun.cpu.isalist" value="amd64"/>
  </properties>
  <testcase classname="com.hybridFramework.homepage.TestDataDriverScript" name="launchBrowser" time="1.477">
    <failure type="java.lang.NullPointerException">java.lang.NullPointerException
	at com.hybridFramework.helper.Wait.WaitHelper.&lt;init&gt;(WaitHelper.java:30)
	at com.hybridFramework.testBase.TestBase.launchBrowser(TestBase.java:74)
	at sun.reflect.NativeMethodAccessorImpl.invoke0(Native Method)
	at sun.reflect.NativeMethodAccessorImpl.invoke(NativeMethodAccessorImpl.java:62)
	at sun.reflect.DelegatingMethodAccessorImpl.invoke(DelegatingMethodAccessorImpl.java:43)
	at java.lang.reflect.Method.invoke(Method.java:498)
	at org.testng.internal.MethodInvocationHelper.invokeMethod(MethodInvocationHelper.java:104)
	at org.testng.internal.Invoker.invokeConfigurationMethod(Invoker.java:515)
	at org.testng.internal.Invoker.invokeConfigurations(Invoker.java:217)
	at org.testng.internal.Invoker.invokeConfigurations(Invoker.java:144)
	at org.testng.TestRunner.beforeRun(TestRunner.java:634)
	at org.testng.TestRunner.run(TestRunner.java:602)
	at org.testng.SuiteRunner.runTest(SuiteRunner.java:387)
	at org.testng.SuiteRunner.runSequentially(SuiteRunner.java:382)
	at org.testng.SuiteRunner.privateRun(SuiteRunner.java:340)
	at org.testng.SuiteRunner.run(SuiteRunner.java:289)
	at org.testng.SuiteRunnerWorker.runSuite(SuiteRunnerWorker.java:52)
	at org.testng.SuiteRunnerWorker.run(SuiteRunnerWorker.java:86)
	at org.testng.TestNG.runSuitesSequentially(TestNG.java:1293)
	at org.testng.TestNG.runSuitesLocally(TestNG.java:1218)
	at org.testng.TestNG.runSuites(TestNG.java:1133)
	at org.testng.TestNG.run(TestNG.java:1104)
	at org.apache.maven.surefire.testng.TestNGExecutor.run(TestNGExecutor.java:77)
	at org.apache.maven.surefire.testng.TestNGDirectoryTestSuite.executeMulti(TestNGDirectoryTestSuite.java:159)
	at org.apache.maven.surefire.testng.TestNGDirectoryTestSuite.execute(TestNGDirectoryTestSuite.java:99)
	at org.apache.maven.surefire.testng.TestNGProvider.invoke(TestNGProvider.java:106)
	at sun.reflect.NativeMethodAccessorImpl.invoke0(Native Method)
	at sun.reflect.NativeMethodAccessorImpl.invoke(NativeMethodAccessorImpl.java:62)
	at sun.reflect.DelegatingMethodAccessorImpl.invoke(DelegatingMethodAccessorImpl.java:43)
	at java.lang.reflect.Method.invoke(Method.java:498)
	at org.apache.maven.surefire.util.ReflectionUtils.invokeMethodWithArray(ReflectionUtils.java:189)
	at org.apache.maven.surefire.booter.ProviderFactory$ProviderProxy.invoke(ProviderFactory.java:165)
	at org.apache.maven.surefire.booter.ProviderFactory.invokeProvider(ProviderFactory.java:85)
	at org.apache.maven.surefire.booter.ForkedBooter.runSuitesInProcess(ForkedBooter.java:115)
	at org.apache.maven.surefire.booter.ForkedBooter.main(ForkedBooter.java:75)
</failure>
    <system-out>Configuring TestNG with: org.apache.maven.surefire.testng.conf.TestNG652Configurator@12bb4df8
C:\Users\Saeid\workspace\hybridFramework
2018-01-26 01:25:13 INFO  TestBase:104 - loading config.properties
2018-01-26 01:25:13 INFO  TestBase:110 - loading or.properties
2018-01-26 01:25:13 INFO  TestBase:116 - loading homepage.properties
</system-out>
  </testcase>
  <testcase classname="com.hybridFramework.homepage.TestDataDriverScript" name="beforeMethod" time="2.647">
    <skipped/>
    <system-out>C:\Users\Saeid\workspace\hybridFramework
C:\Users\Saeid\workspace\hybridFramework/src/main/java/com/hybridFramework/data/TestData.xlsx
2018-01-26 01:25:14 INFO  Excel_reader:21 - Creating excel object:-C:\Users\Saeid\workspace\hybridFramework/src/main/java/com/hybridFramework/data/TestData.xlsx
2
0
mary
2
1
password

3
0
mary
3
1
password

4
0
mary
4
1
password

5
0
mary
5
1
password

6
0
mary
6
1
password

7
0
mary
7
1
password

8
0
mary
8
1
password

</system-out>
  </testcase>
  <testcase classname="com.hybridFramework.homepage.TestDataDriverScript" name="testLogin" time="0">
    <skipped/>
  </testcase>
  <testcase classname="com.hybridFramework.homepage.TestDataDriverScript" name="afterMethod" time="0">
    <skipped/>
  </testcase>
  <testcase classname="com.hybridFramework.homepage.TestDataDriverScript" name="beforeMethod" time="0">
    <skipped/>
  </testcase>
  <testcase classname="com.hybridFramework.homepage.TestDataDriverScript" name="testLogin" time="0">
    <skipped/>
  </testcase>
  <testcase classname="com.hybridFramework.homepage.TestDataDriverScript" name="afterMethod" time="0.001">
    <skipped/>
  </testcase>
  <testcase classname="com.hybridFramework.homepage.TestDataDriverScript" name="beforeMethod" time="0.001">
    <skipped/>
  </testcase>
  <testcase classname="com.hybridFramework.homepage.TestDataDriverScript" name="testLogin" time="0">
    <skipped/>
  </testcase>
  <testcase classname="com.hybridFramework.homepage.TestDataDriverScript" name="afterMethod" time="0">
    <skipped/>
  </testcase>
  <testcase classname="com.hybridFramework.homepage.TestDataDriverScript" name="beforeMethod" time="0.001">
    <skipped/>
  </testcase>
  <testcase classname="com.hybridFramework.homepage.TestDataDriverScript" name="testLogin" time="0">
    <skipped/>
  </testcase>
  <testcase classname="com.hybridFramework.homepage.TestDataDriverScript" name="afterMethod" time="0">
    <skipped/>
  </testcase>
  <testcase classname="com.hybridFramework.homepage.TestDataDriverScript" name="beforeMethod" time="0.001">
    <skipped/>
  </testcase>
  <testcase classname="com.hybridFramework.homepage.TestDataDriverScript" name="testLogin" time="0.001">
    <skipped/>
  </testcase>
  <testcase classname="com.hybridFramework.homepage.TestDataDriverScript" name="afterMethod" time="0.001">
    <skipped/>
  </testcase>
  <testcase classname="com.hybridFramework.homepage.TestDataDriverScript" name="beforeMethod" time="0.002">
    <skipped/>
  </testcase>
  <testcase classname="com.hybridFramework.homepage.TestDataDriverScript" name="testLogin" time="0">
    <skipped/>
  </testcase>
  <testcase classname="com.hybridFramework.homepage.TestDataDriverScript" name="afterMethod" time="0.001">
    <skipped/>
  </testcase>
  <testcase classname="com.hybridFramework.homepage.TestDataDriverScript" name="beforeMethod" time="0.001">
    <skipped/>
  </testcase>
  <testcase classname="com.hybridFramework.homepage.TestDataDriverScript" name="testLogin" time="0">
    <skipped/>
  </testcase>
  <testcase classname="com.hybridFramework.homepage.TestDataDriverScript" name="afterMethod" time="0.001">
    <skipped/>
  </testcase>
  <testcase classname="com.hybridFramework.homepage.TestDataDriverScript1" name="beforeMethod" time="0.551">
    <skipped/>
    <system-out>C:\Users\Saeid\workspace\hybridFramework
C:\Users\Saeid\workspace\hybridFramework/src/main/java/com/hybridFramework/data/TestData.xlsx
2018-01-26 01:25:15 INFO  Excel_reader:21 - Creating excel object:-C:\Users\Saeid\workspace\hybridFramework/src/main/java/com/hybridFramework/data/TestData.xlsx
2
0
A1
2
1
B1
2
2
C1
2
3
D1
2
4
E1
2
5
F1

3
0
A2
3
1
B2
3
2
C2
3
3
D2
3
4
E2
3
5
F2

</system-out>
  </testcase>
  <testcase classname="com.hybridFramework.homepage.TestDataDriverScript1" name="testLogin" time="0">
    <skipped/>
  </testcase>
  <testcase classname="com.hybridFramework.homepage.TestDataDriverScript1" name="afterMethod" time="0">
    <skipped/>
  </testcase>
  <testcase classname="com.hybridFramework.homepage.TestDataDriverScript1" name="beforeMethod" time="0">
    <skipped/>
  </testcase>
  <testcase classname="com.hybridFramework.homepage.TestDataDriverScript1" name="testLogin" time="0">
    <skipped/>
  </testcase>
  <testcase classname="com.hybridFramework.homepage.TestDataDriverScript1" name="afterMethod" time="0">
    <skipped/>
  </testcase>
  <testcase classname="com.hybridFramework.loginPage.LoginTest" name="beforeMethod" time="0">
    <skipped/>
  </testcase>
  <testcase classname="com.hybridFramework.loginPage.LoginTest" name="testLoginToApplication" time="0">
    <skipped/>
  </testcase>
  <testcase classname="com.hybridFramework.loginPage.LoginTest" name="afterMethod" time="0">
    <skipped/>
  </testcase>
</testsuite>