<?xml version="1.0" encoding="UTF-8"?>
<!-- Generated by org.testng.reporters.JUnitReportReporter -->
<testsuite name="com.hybridFramework.homepage.TestDataDriverScript1" tests="2" time="0.019" ignored="0" failures="0" timestamp="11 Jan 2018 21:05:39 GMT" skipped="0" hostname="Saeid-PC" errors="0">
  <testcase name="testLogin" time="0.006" classname="com.hybridFramework.homepage.TestDataDriverScript1"/>
  <testcase name="testLogin" time="0.013" classname="com.hybridFramework.homepage.TestDataDriverScript1"/>
</testsuite> <!-- com.hybridFramework.homepage.TestDataDriverScript1 -->
