<?xml version="1.0" encoding="UTF-8"?>
<!-- Generated by org.testng.reporters.JUnitReportReporter -->
<testsuite name="com.hybridFramework.homepage.TestDataDriverScript1" tests="2" time="0.002" ignored="2" failures="0" timestamp="26 Jan 2018 07:25:15 GMT" skipped="2" hostname="Saeid-PC" errors="0">
  <testcase name="testLogin" time="0.001" classname="com.hybridFramework.homepage.TestDataDriverScript1">
    <skipped/>
  </testcase> <!-- testLogin -->
  <testcase name="testLogin" time="0.001" classname="com.hybridFramework.homepage.TestDataDriverScript1">
    <skipped/>
  </testcase> <!-- testLogin -->
  <testcase name="launchBrowser" classname="com.hybridFramework.testBase.TestBase">
    <skipped/>
  </testcase> <!-- launchBrowser -->
  <testcase name="launchBrowser" classname="com.hybridFramework.testBase.TestBase">
    <skipped/>
  </testcase> <!-- launchBrowser -->
</testsuite> <!-- com.hybridFramework.homepage.TestDataDriverScript1 -->
