<?xml version="1.0" encoding="UTF-8"?>
<!-- Generated by org.testng.reporters.JUnitReportReporter -->
<testsuite name="com.hybridFramework.loginPage.LoginTest" tests="1" time="0.001" ignored="2" failures="0" timestamp="26 Jan 2018 07:25:15 GMT" skipped="1" hostname="Saeid-PC" errors="0">
  <testcase name="testLoginToApplication" time="0.001" classname="com.hybridFramework.loginPage.LoginTest">
    <skipped/>
  </testcase> <!-- testLoginToApplication -->
  <testcase name="launchBrowser" classname="com.hybridFramework.testBase.TestBase">
    <skipped/>
  </testcase> <!-- launchBrowser -->
  <testcase name="launchBrowser" classname="com.hybridFramework.testBase.TestBase">
    <skipped/>
  </testcase> <!-- launchBrowser -->
</testsuite> <!-- com.hybridFramework.loginPage.LoginTest -->
